<?xml version="1.0" encoding="UTF-8" ?>
<testsuite tests="9" failures="2" name="calculadora.controllers.CalculadoraControllerTest" time="0.047" errors="0" skipped="0">
  <properties>
[...]
</properties>
  <testcase classname="calculadora.controllers.CalculadoraControllerTest" name="calculadora.controllers.CalculadoraControllerTest.testProcessarOperacaoSubtracao" time="0.018"/>
  <testcase classname="calculadora.controllers.CalculadoraControllerTest" name="calculadora.controllers.CalculadoraControllerTest.testProcessarOperacaoMultiplicacao" time="0"/>
  <testcase classname="calculadora.controllers.CalculadoraControllerTest" name="calculadora.controllers.CalculadoraControllerTest.testProcessarOperacaoDivisao" time="0"/>
  <testcase classname="calculadora.controllers.CalculadoraControllerTest" name="calculadora.controllers.CalculadoraControllerTest.testProcessarOperacaoInvalida" time="0"/>
  <testcase classname="calculadora.controllers.CalculadoraControllerTest" name="calculadora.controllers.CalculadoraControllerTest.testProcessarOperacoesComVetorValido" time="0.001"/>
  <testcase classname="calculadora.controllers.CalculadoraControllerTest" name="calculadora.controllers.CalculadoraControllerTest.testProcessarOperacoesComVetorTamanhoInvalido" time="0.022">
    <failure message="Expected java.lang.IllegalArgumentException to be thrown, but nothing was thrown." type="org.opentest4j.AssertionFailedError">org.opentest4j.AssertionFailedError: Expected java.lang.IllegalArgumentException to be thrown, but nothing was thrown.
	at org.junit.jupiter.api.AssertionFailureBuilder.build(AssertionFailureBuilder.java:152)
	at org.junit.jupiter.api.AssertThrows.assertThrows(AssertThrows.java:73)
	at org.junit.jupiter.api.AssertThrows.assertThrows(AssertThrows.java:35)
	at org.junit.jupiter.api.Assertions.assertThrows(Assertions.java:3111)
	at calculadora.controllers.CalculadoraControllerTest.testProcessarOperacoesComVetorTamanhoInvalido(CalculadoraControllerTest.java:132)
</failure>
    <system-out>Erro: Tamanho do vetor inválido. Deve ser entre 1 e 15.
</system-out>
  </testcase>
  <testcase classname="calculadora.controllers.CalculadoraControllerTest" name="calculadora.controllers.CalculadoraControllerTest.testProcessarOperacoesComVetorValoresIncompativeis" time="0.001">
    <failure message="Expected java.lang.IllegalArgumentException to be thrown, but nothing was thrown." type="org.opentest4j.AssertionFailedError">org.opentest4j.AssertionFailedError: Expected java.lang.IllegalArgumentException to be thrown, but nothing was thrown.
	at org.junit.jupiter.api.AssertionFailureBuilder.build(AssertionFailureBuilder.java:152)
	at org.junit.jupiter.api.AssertThrows.assertThrows(AssertThrows.java:73)
	at org.junit.jupiter.api.AssertThrows.assertThrows(AssertThrows.java:35)
	at org.junit.jupiter.api.Assertions.assertThrows(Assertions.java:3111)
	at calculadora.controllers.CalculadoraControllerTest.testProcessarOperacoesComVetorValoresIncompativeis(CalculadoraControllerTest.java:146)
</failure>
    <system-out>Erro: Número de valores fornecidos não corresponde ao tamanho do vetor.
</system-out>
  </testcase>
  <testcase classname="calculadora.controllers.CalculadoraControllerTest" name="calculadora.controllers.CalculadoraControllerTest.testProcessarOperacaoAdicao" time="0"/>
  <testcase classname="calculadora.controllers.CalculadoraControllerTest" name="calculadora.controllers.CalculadoraControllerTest.testProcessarOperacaoDivisaoPorZero" time="0.005"/>
</testsuite>