<?xml version="1.0" encoding="UTF-8" ?>
<testsuite tests="9" failures="2" name="calculadora.controllers.CalculadoraControllerTest" time="0.047" errors="0" skipped="0">
  <properties>
    <property name="java.runtime.name" value="OpenJDK Runtime Environment"/>
    <property name="java.vm.version" value="17.0.14+7-Ubuntu-122.04.1"/>
    <property name="sun.boot.library.path" value="/usr/lib/jvm/java-17-openjdk-amd64/lib"/>
    <property name="user.country.format" value="BR"/>
    <property name="maven.multiModuleProjectDirectory" value="/home/sirnivass/Documents/GitHub/Catalisa/calculadora"/>
    <property name="java.vm.vendor" value="Ubuntu"/>
    <property name="java.vendor.url" value="https://ubuntu.com/"/>
    <property name="guice.disable.misplaced.annotation.check" value="true"/>
    <property name="path.separator" value=":"/>
    <property name="java.vm.name" value="OpenJDK 64-Bit Server VM"/>
    <property name="user.country" value="US"/>
    <property name="sun.java.launcher" value="SUN_STANDARD"/>
    <property name="java.vm.specification.name" value="Java Virtual Machine Specification"/>
    <property name="user.dir" value="/home/sirnivass/Documents/GitHub/Catalisa/calculadora"/>
    <property name="java.vm.compressedOopsMode" value="32-bit"/>
    <property name="java.runtime.version" value="17.0.14+7-Ubuntu-122.04.1"/>
    <property name="os.arch" value="amd64"/>
    <property name="java.io.tmpdir" value="/tmp"/>
    <property name="line.separator" value="
"/>
    <property name="java.vm.specification.vendor" value="Oracle Corporation"/>
    <property name="os.name" value="Linux"/>
    <property name="classworlds.conf" value="/usr/share/maven/bin/m2.conf"/>
    <property name="sun.jnu.encoding" value="UTF-8"/>
    <property name="java.library.path" value="/usr/java/packages/lib:/usr/lib/x86_64-linux-gnu/jni:/lib/x86_64-linux-gnu:/usr/lib/x86_64-linux-gnu:/usr/lib/jni:/lib:/usr/lib"/>
    <property name="maven.conf" value="/usr/share/maven/conf"/>
    <property name="jdk.debug" value="release"/>
    <property name="java.class.version" value="61.0"/>
    <property name="java.specification.name" value="Java Platform API Specification"/>
    <property name="sun.management.compiler" value="HotSpot 64-Bit Tiered Compilers"/>
    <property name="os.version" value="6.9.3-76060903-generic"/>
    <property name="library.jansi.path" value="/usr/share/maven/lib/jansi-native"/>
    <property name="user.home" value="/home/sirnivass"/>
    <property name="user.timezone" value="America/Sao_Paulo"/>
    <property name="file.encoding" value="UTF-8"/>
    <property name="java.specification.version" value="17"/>
    <property name="user.name" value="sirnivass"/>
    <property name="java.class.path" value="/usr/share/maven/boot/plexus-classworlds-2.x.jar"/>
    <property name="java.vm.specification.version" value="17"/>
    <property name="sun.arch.data.model" value="64"/>
    <property name="sun.java.command" value="org.codehaus.plexus.classworlds.launcher.Launcher test -f /home/sirnivass/Documents/GitHub/Catalisa/calculadora/pom.xml"/>
    <property name="java.home" value="/usr/lib/jvm/java-17-openjdk-amd64"/>
    <property name="user.language" value="en"/>
    <property name="java.specification.vendor" value="Oracle Corporation"/>
    <property name="user.language.format" value="pt"/>
    <property name="java.vm.info" value="mixed mode, sharing"/>
    <property name="java.version" value="17.0.14"/>
    <property name="native.encoding" value="UTF-8"/>
    <property name="java.vendor" value="Ubuntu"/>
    <property name="sun.stderr.encoding" value="UTF-8"/>
    <property name="java.specification.maintenance.version" value="1"/>
    <property name="maven.home" value="/usr/share/maven"/>
    <property name="file.separator" value="/"/>
    <property name="java.version.date" value="2025-01-21"/>
    <property name="java.vendor.url.bug" value="https://bugs.launchpad.net/ubuntu/+source/openjdk-17"/>
    <property name="sun.io.unicode.encoding" value="UnicodeLittle"/>
    <property name="sun.cpu.endian" value="little"/>
    <property name="sun.stdout.encoding" value="UTF-8"/>
  </properties>
  <testcase classname="calculadora.controllers.CalculadoraControllerTest" name="calculadora.controllers.CalculadoraControllerTest.testProcessarOperacaoSubtracao" time="0.018"/>
  <testcase classname="calculadora.controllers.CalculadoraControllerTest" name="calculadora.controllers.CalculadoraControllerTest.testProcessarOperacaoMultiplicacao" time="0"/>
  <testcase classname="calculadora.controllers.CalculadoraControllerTest" name="calculadora.controllers.CalculadoraControllerTest.testProcessarOperacaoDivisao" time="0"/>
  <testcase classname="calculadora.controllers.CalculadoraControllerTest" name="calculadora.controllers.CalculadoraControllerTest.testProcessarOperacaoInvalida" time="0"/>
  <testcase classname="calculadora.controllers.CalculadoraControllerTest" name="calculadora.controllers.CalculadoraControllerTest.testProcessarOperacoesComVetorValido" time="0.001"/>
  <testcase classname="calculadora.controllers.CalculadoraControllerTest" name="calculadora.controllers.CalculadoraControllerTest.testProcessarOperacoesComVetorTamanhoInvalido" time="0.022">
    <failure message="Expected java.lang.IllegalArgumentException to be thrown, but nothing was thrown." type="org.opentest4j.AssertionFailedError">org.opentest4j.AssertionFailedError: Expected java.lang.IllegalArgumentException to be thrown, but nothing was thrown.
	at org.junit.jupiter.api.AssertionFailureBuilder.build(AssertionFailureBuilder.java:152)
	at org.junit.jupiter.api.AssertThrows.assertThrows(AssertThrows.java:73)
	at org.junit.jupiter.api.AssertThrows.assertThrows(AssertThrows.java:35)
	at org.junit.jupiter.api.Assertions.assertThrows(Assertions.java:3111)
	at calculadora.controllers.CalculadoraControllerTest.testProcessarOperacoesComVetorTamanhoInvalido(CalculadoraControllerTest.java:132)
</failure>
    <system-out>Erro: Tamanho do vetor inválido. Deve ser entre 1 e 15.
</system-out>
  </testcase>
  <testcase classname="calculadora.controllers.CalculadoraControllerTest" name="calculadora.controllers.CalculadoraControllerTest.testProcessarOperacoesComVetorValoresIncompativeis" time="0.001">
    <failure message="Expected java.lang.IllegalArgumentException to be thrown, but nothing was thrown." type="org.opentest4j.AssertionFailedError">org.opentest4j.AssertionFailedError: Expected java.lang.IllegalArgumentException to be thrown, but nothing was thrown.
	at org.junit.jupiter.api.AssertionFailureBuilder.build(AssertionFailureBuilder.java:152)
	at org.junit.jupiter.api.AssertThrows.assertThrows(AssertThrows.java:73)
	at org.junit.jupiter.api.AssertThrows.assertThrows(AssertThrows.java:35)
	at org.junit.jupiter.api.Assertions.assertThrows(Assertions.java:3111)
	at calculadora.controllers.CalculadoraControllerTest.testProcessarOperacoesComVetorValoresIncompativeis(CalculadoraControllerTest.java:146)
</failure>
    <system-out>Erro: Número de valores fornecidos não corresponde ao tamanho do vetor.
</system-out>
  </testcase>
  <testcase classname="calculadora.controllers.CalculadoraControllerTest" name="calculadora.controllers.CalculadoraControllerTest.testProcessarOperacaoAdicao" time="0"/>
  <testcase classname="calculadora.controllers.CalculadoraControllerTest" name="calculadora.controllers.CalculadoraControllerTest.testProcessarOperacaoDivisaoPorZero" time="0.005"/>
</testsuite>